Arguments: 
  C:\Program Files\nodejs\node.exe C:\Program Files (x86)\Yarn\bin\yarn.js add npm-run-all --dev

PATH: 
  C:\Program Files\Git\mingw64\bin;C:\Program Files\Git\usr\bin;C:\Users\NAZIM\bin;C:\Python39\Scripts;C:\Python39;C:\Program Files\Java\jdk-14.0.1\bin;C:\Program Files\Common Files\Autodesk Shared;C:\Program Files\Microsoft SQL Server\120\Tools\Binn;C:\WINDOWS\system32;C:\WINDOWS;C:\WINDOWS\System32\Wbem;C:\WINDOWS\System32\WindowsPowerShell\v1.0;C:\WINDOWS\System32\OpenSSH;C:\Program Files\nodejs;C:\ProgramData\chocolatey\bin;C:\Program Files\Git\cmd;C:\Program Files (x86)\Yarn\bin;C:\Users\NAZIM\AppData\Local\Microsoft\WindowsApps;C:\Users\NAZIM\AppData\Local\atom\bin;C:\Users\NAZIM\AppData\Local\Programs\Microsoft VS Code\bin;C:\Users\NAZIM\AppData\Local\Microsoft\WindowsApps;C:\Users\NAZIM\AppData\Roaming\npm;C:\Users\NAZIM\AppData\Local\Yarn\bin

Yarn version: 
  1.22.5

Node version: 
  14.16.0

Platform: 
  win32 x64

Trace: 
  SyntaxError: C:\Users\NAZIM\Desktop\Jonas_CSS\advanced-css-course-master\Natours\starter\package.json: Unexpected token } in JSON at position 584
      at JSON.parse (<anonymous>)
      at C:\Program Files (x86)\Yarn\lib\cli.js:1625:59
      at Generator.next (<anonymous>)
      at step (C:\Program Files (x86)\Yarn\lib\cli.js:310:30)
      at C:\Program Files (x86)\Yarn\lib\cli.js:321:13

npm manifest: 
  {
    "name": "mytours",
    "version": "1.0.0",
    "description": "lading page for mytours",
    "default": "index.html",
    "scripts": {
      "watch:sass": "node-sass sass/main.scss css/style.css -w",
  
      "compile:sass": "node-sass sass/main.scss css/style.comp.css",
      "concat:css": "concat -o css/style.concat.css css/icon-font.css css/style.comp.css",
      "prefix:css": "postcss --use autoprefixer -b \"last 10 versions\" css/style.concat.css -o css/style.prefix.css",
      "compress:css": "node-sass css/style.prefix.css css/style.css --output-style compressed",
      "build:css":"",
    },
    "author": "Nazim Malik",
    "license": "ISC",
    "devDependencies": {
      "autoprefixer": "^9.8.6",
      "concat": "^1.0.3",
      "cssnano": "^5.0.5",
      "node-sass": "^6.0.0",
      "parcel-bundler": "^1.12.5",
      "postcss": "^8.3.0",
      "postcss-cli": "^8.3.1"
    },
    "serve": "live-server",
    "start": "",
    "dependencies": {}
  }

yarn manifest: 
  No manifest

Lockfile: 
  No lockfile
